# JRE version: OpenJDK Runtime Environment (8.0_112-b06) (build 1.8.0_112-release-b06)
# Java VM: OpenJDK 64-Bit Server VM (25.112-b06 mixed mode bsd-amd64 compressed oops)
Heap:
 PSYoungGen      total 440320K, used 351777K [0x00000007a0000000, 0x00000007bfb80000, 0x00000007c0000000)
  eden space 361984K, 95% used [0x00000007a0000000,0x00000007b5095180,0x00000007b6180000)
  from space 78336K, 9% used [0x00000007baf00000,0x00000007bb5f33b8,0x00000007bfb80000)
  to   space 78848K, 0% used [0x00000007b6180000,0x00000007b6180000,0x00000007bae80000)
 ParOldGen       total 363008K, used 178930K [0x0000000760000000, 0x0000000776280000, 0x00000007a0000000)
  object space 363008K, 49% used [0x0000000760000000,0x000000076aebca90,0x0000000776280000)
 Metaspace       used 94720K, capacity 100328K, committed 100352K, reserved 1136640K
  class space    used 11904K, capacity 12790K, committed 12800K, reserved 1048576K
GC Heap History (10 events):
Event: 823.291 GC heap before
{Heap before GC invocations=33 (full 5):
 PSYoungGen      total 432128K, used 375395K [0x00000007a0000000, 0x00000007c0000000, 0x00000007c0000000)
  eden space 349184K, 99% used [0x00000007a0000000,0x00000007b54f3070,0x00000007b5500000)
  from space 82944K, 31% used [0x00000007b5500000,0x00000007b6ea5e78,0x00000007ba600000)
  to   space 81408K, 0% used [0x00000007bb080000,0x00000007bb080000,0x00000007c0000000)
 ParOldGen       total 363008K, used 162578K [0x0000000760000000, 0x0000000776280000, 0x00000007a0000000)
  object space 363008K, 44% used [0x0000000760000000,0x0000000769ec4b40,0x0000000776280000)
 Metaspace       used 92908K, capacity 97704K, committed 97920K, reserved 1134592K
  class space    used 11729K, capacity 12532K, committed 12672K, reserved 1048576K
Event: 823.306 GC heap after
Heap after GC invocations=33 (full 5):
 PSYoungGen      total 438784K, used 3197K [0x00000007a0000000, 0x00000007c0000000, 0x00000007c0000000)
  eden space 357376K, 0% used [0x00000007a0000000,0x00000007a0000000,0x00000007b5d00000)
  from space 81408K, 3% used [0x00000007bb080000,0x00000007bb39f628,0x00000007c0000000)
  to   space 83456K, 0% used [0x00000007b5d00000,0x00000007b5d00000,0x00000007bae80000)
 ParOldGen       total 363008K, used 178602K [0x0000000760000000, 0x0000000776280000, 0x00000007a0000000)
  object space 363008K, 49% used [0x0000000760000000,0x000000076ae6aa90,0x0000000776280000)
 Metaspace       used 92908K, capacity 97704K, committed 97920K, reserved 1134592K
  class space    used 11729K, capacity 12532K, committed 12672K, reserved 1048576K
}
Event: 2775.006 GC heap before
{Heap before GC invocations=34 (full 5):
 PSYoungGen      total 438784K, used 359884K [0x00000007a0000000, 0x00000007c0000000, 0x00000007c0000000)
  eden space 357376K, 99% used [0x00000007a0000000,0x00000007b5c53ad0,0x00000007b5d00000)
  from space 81408K, 3% used [0x00000007bb080000,0x00000007bb39f628,0x00000007c0000000)
  to   space 83456K, 0% used [0x00000007b5d00000,0x00000007b5d00000,0x00000007bae80000)
 ParOldGen       total 363008K, used 178602K [0x0000000760000000, 0x0000000776280000, 0x00000007a0000000)
  object space 363008K, 49% used [0x0000000760000000,0x000000076ae6aa90,0x0000000776280000)
 Metaspace       used 93446K, capacity 98432K, committed 98688K, reserved 1134592K
  class space    used 11774K, capacity 12598K, committed 12672K, reserved 1048576K
Event: 2775.021 GC heap after
Heap after GC invocations=34 (full 5):
 PSYoungGen      total 440832K, used 17612K [0x00000007a0000000, 0x00000007bff00000, 0x00000007c0000000)
  eden space 357376K, 0% used [0x00000007a0000000,0x00000007a0000000,0x00000007b5d00000)
  from space 83456K, 21% used [0x00000007b5d00000,0x00000007b6e333e8,0x00000007bae80000)
  to   space 81920K, 0% used [0x00000007baf00000,0x00000007baf00000,0x00000007bff00000)
 ParOldGen       total 363008K, used 178914K [0x0000000760000000, 0x0000000776280000, 0x00000007a0000000)
  object space 363008K, 49% used [0x0000000760000000,0x000000076aeb8a90,0x0000000776280000)
 Metaspace       used 93446K, capacity 98432K, committed 98688K, reserved 1134592K
  class space    used 11774K, capacity 12598K, committed 12672K, reserved 1048576K
}
Event: 2776.551 GC heap before
{Heap before GC invocations=35 (full 5):
 PSYoungGen      total 440832K, used 374365K [0x00000007a0000000, 0x00000007bff00000, 0x00000007c0000000)
  eden space 357376K, 99% used [0x00000007a0000000,0x00000007b5c64378,0x00000007b5d00000)
  from space 83456K, 21% used [0x00000007b5d00000,0x00000007b6e333e8,0x00000007bae80000)
  to   space 81920K, 0% used [0x00000007baf00000,0x00000007baf00000,0x00000007bff00000)
 ParOldGen       total 363008K, used 178914K [0x0000000760000000, 0x0000000776280000, 0x00000007a0000000)
  object space 363008K, 49% used [0x0000000760000000,0x000000076aeb8a90,0x0000000776280000)
 Metaspace       used 93695K, capacity 98722K, committed 98944K, reserved 1136640K
  class space    used 11779K, capacity 12605K, committed 12672K, reserved 1048576K
Event: 2776.559 GC heap after
Heap after GC invocations=35 (full 5):
 PSYoungGen      total 440320K, used 6751K [0x00000007a0000000, 0x00000007bfe80000, 0x00000007c0000000)
  eden space 358912K, 0% used [0x00000007a0000000,0x00000007a0000000,0x00000007b5e80000)
  from space 81408K, 8% used [0x00000007baf00000,0x00000007bb597d88,0x00000007bfe80000)
  to   space 81920K, 0% used [0x00000007b5e80000,0x00000007b5e80000,0x00000007bae80000)
 ParOldGen       total 363008K, used 178922K [0x0000000760000000, 0x0000000776280000, 0x00000007a0000000)
  object space 363008K, 49% used [0x0000000760000000,0x000000076aebaa90,0x0000000776280000)
 Metaspace       used 93695K, capacity 98722K, committed 98944K, reserved 1136640K
  class space    used 11779K, capacity 12605K, committed 12672K, reserved 1048576K
}
Event: 2777.434 GC heap before
{Heap before GC invocations=36 (full 5):
 PSYoungGen      total 440320K, used 365631K [0x00000007a0000000, 0x00000007bfe80000, 0x00000007c0000000)
  eden space 358912K, 99% used [0x00000007a0000000,0x00000007b5e77f70,0x00000007b5e80000)
  from space 81408K, 8% used [0x00000007baf00000,0x00000007bb597d88,0x00000007bfe80000)
  to   space 81920K, 0% used [0x00000007b5e80000,0x00000007b5e80000,0x00000007bae80000)
 ParOldGen       total 363008K, used 178922K [0x0000000760000000, 0x0000000776280000, 0x00000007a0000000)
  object space 363008K, 49% used [0x0000000760000000,0x000000076aebaa90,0x0000000776280000)
 Metaspace       used 94088K, capacity 99142K, committed 99200K, reserved 1136640K
  class space    used 11819K, capacity 12652K, committed 12672K, reserved 1048576K
Event: 2777.445 GC heap after
Heap after GC invocations=36 (full 5):
 PSYoungGen      total 440832K, used 10217K [0x00000007a0000000, 0x00000007bfd80000, 0x00000007c0000000)
  eden space 358912K, 0% used [0x00000007a0000000,0x00000007a0000000,0x00000007b5e80000)
  from space 81920K, 12% used [0x00000007b5e80000,0x00000007b687a528,0x00000007bae80000)
  to   space 80384K, 0% used [0x00000007baf00000,0x00000007baf00000,0x00000007bfd80000)
 ParOldGen       total 363008K, used 178922K [0x0000000760000000, 0x0000000776280000, 0x00000007a0000000)
  object space 363008K, 49% used [0x0000000760000000,0x000000076aebaa90,0x0000000776280000)
 Metaspace       used 94088K, capacity 99142K, committed 99200K, reserved 1136640K
  class space    used 11819K, capacity 12652K, committed 12672K, reserved 1048576K
}
Event: 2871.454 GC heap before
{Heap before GC invocations=37 (full 5):
 PSYoungGen      total 440832K, used 368344K [0x00000007a0000000, 0x00000007bfd80000, 0x00000007c0000000)
  eden space 358912K, 99% used [0x00000007a0000000,0x00000007b5dbbb98,0x00000007b5e80000)
  from space 81920K, 12% used [0x00000007b5e80000,0x00000007b687a528,0x00000007bae80000)
  to   space 80384K, 0% used [0x00000007baf00000,0x00000007baf00000,0x00000007bfd80000)
 ParOldGen       total 363008K, used 178922K [0x0000000760000000, 0x0000000776280000, 0x00000007a0000000)
  object space 363008K, 49% used [0x0000000760000000,0x000000076aebaa90,0x0000000776280000)
 Metaspace       used 94395K, capacity 99876K, committed 100096K, reserved 1136640K
  class space    used 11867K, capacity 12733K, committed 12800K, reserved 1048576K
Event: 2871.464 GC heap after
Heap after GC invocations=37 (full 5):
 PSYoungGen      total 440320K, used 7116K [0x00000007a0000000, 0x00000007bfb80000, 0x00000007c0000000)
  eden space 361984K, 0% used [0x00000007a0000000,0x00000007a0000000,0x00000007b6180000)
  from space 78336K, 9% used [0x00000007baf00000,0x00000007bb5f33b8,0x00000007bfb80000)
  to   space 78848K, 0% used [0x00000007b6180000,0x00000007b6180000,0x00000007bae80000)
 ParOldGen       total 363008K, used 178930K [0x0000000760000000, 0x0000000776280000, 0x00000007a0000000)
  object space 363008K, 49% used [0x0000000760000000,0x000000076aebca90,0x0000000776280000)
 Metaspace       used 94395K, capacity 99876K, committed 100096K, reserved 1136640K
  class space    used 11867K, capacity 12733K, committed 12800K, reserved 1048576K
}

